<?xml version="1.0" encoding="UTF-8"?>
<!-- Generated by org.testng.reporters.JUnitXMLReporter -->
<testsuite hostname="lenovo-PC" ignored="0" name="Free CRM App Test Cases" tests="12" failures="0" timestamp="31 Jan 2019 07:37:21 GMT" time="395.731" errors="0">
  <testcase name="loginPageTitleTest" time="0.057" classname="com.crm.qa.test.LoginPageTest"/>
  <testcase name="verifyHomePageTitleTest" time="0.018" classname="com.crm.qa.test.HomePageTest"/>
  <testcase name="verifyContactsPageLabel" time="0.08" classname="com.crm.qa.test.ContactsPageTest"/>
  <testcase name="crmLogoImageTest" time="0.134" classname="com.crm.qa.test.LoginPageTest"/>
  <testcase name="verifyUserNameTest" time="0.153" classname="com.crm.qa.test.HomePageTest"/>
  <testcase name="selectSingleContactsTest" time="0.158" classname="com.crm.qa.test.ContactsPageTest"/>
  <testcase name="loginTest" time="6.15" classname="com.crm.qa.test.LoginPageTest"/>
  <testcase name="verifyContactLinkText" time="2.836" classname="com.crm.qa.test.HomePageTest"/>
  <testcase name="selectMultipleContactsTest" time="0.334" classname="com.crm.qa.test.ContactsPageTest"/>
  <testcase name="validateCreateNewContact" time="12.347" classname="com.crm.qa.test.ContactsPageTest"/>
  <testcase name="validateCreateNewContact" time="10.594" classname="com.crm.qa.test.ContactsPageTest"/>
  <testcase name="validateCreateNewContact" time="11.48" classname="com.crm.qa.test.ContactsPageTest"/>
</testsuite> <!-- Free CRM App Test Cases -->
